<?xml version="1.0" encoding="UTF-8"?>
<!-- Generated by org.testng.reporters.JUnitXMLReporter -->
<testsuite ignored="0" hostname="DESKTOP-HPG8DBN" failures="0" tests="7" name="Test" time="133.124" errors="0" timestamp="2024-11-03T05:59:32 IST">
  <testcase classname="testCases.TC001_AccountRegistraition" name="Reg_test" time="3.683"/>
  <testcase classname="testCases.TC002_Login_Varification" name="Login_Page_Varification" time="2.961"/>
  <testcase classname="testCases.TC003_Login_Varification_DDT" name="LoginVarificationDDT" time="4.847"/>
  <testcase classname="testCases.TC003_Login_Varification_DDT" name="LoginVarificationDDT" time="11.574"/>
  <testcase classname="testCases.TC003_Login_Varification_DDT" name="LoginVarificationDDT" time="32.21"/>
  <testcase classname="testCases.TC003_Login_Varification_DDT" name="LoginVarificationDDT" time="11.583"/>
  <testcase classname="testCases.TC003_Login_Varification_DDT" name="LoginVarificationDDT" time="2.224"/>
</testsuite> <!-- Test -->
